<?xml version="1.0" encoding="UTF-8"?>
<!-- Generated by org.testng.reporters.JUnitReportReporter -->
<testsuite hostname="LAPTOP-7ONONE9J" failures="0" tests="1" name="learn.log4j_troubleshoot.log4jTest" time="0.025" errors="0" timestamp="2021-10-04T21:23:47 EDT" skipped="0">
  <testcase classname="learn.log4j_troubleshoot.log4jTest" name="TC1" time="0.025"/>
  <system-out/>
</testsuite> <!-- learn.log4j_troubleshoot.log4jTest -->
